  [1m[35m (481.9ms)[0m  [1m[35mCREATE DATABASE "bicudafc-api_development" ENCODING = 'unicode'[0m
  ↳ bin/rails:9
  [1m[35m (265.1ms)[0m  [1m[35mCREATE DATABASE "bicudafc-api_test" ENCODING = 'unicode'[0m
  ↳ bin/rails:9
  [1m[35m (25.2ms)[0m  [1m[35mCREATE TABLE "schema_migrations" ("version" character varying NOT NULL PRIMARY KEY)[0m
  ↳ bin/rails:9
  [1m[35m (24.5ms)[0m  [1m[35mCREATE TABLE "ar_internal_metadata" ("key" character varying NOT NULL PRIMARY KEY, "value" character varying, "created_at" timestamp NOT NULL, "updated_at" timestamp NOT NULL)[0m
  ↳ bin/rails:9
  [1m[35m (0.3ms)[0m  [1m[34mSELECT pg_try_advisory_lock(5205755026693865070)[0m
  ↳ bin/rails:9
  [1m[35m (0.9ms)[0m  [1m[34mSELECT "schema_migrations"."version" FROM "schema_migrations" ORDER BY "schema_migrations"."version" ASC[0m
  ↳ bin/rails:9
Migrating to CreateRounds (20200310230914)
  [1m[35m (0.2ms)[0m  [1m[35mBEGIN[0m
  ↳ bin/rails:9
  [1m[35m (10.9ms)[0m  [1m[35mCREATE TABLE "rounds" ("id" bigserial primary key, "start_date" timestamp, "end_date" timestamp, "created_at" timestamp NOT NULL, "updated_at" timestamp NOT NULL)[0m
  ↳ db/migrate/20200310230914_create_rounds.rb:3
  [1m[36mActiveRecord::SchemaMigration Create (0.7ms)[0m  [1m[32mINSERT INTO "schema_migrations" ("version") VALUES ($1) RETURNING "version"[0m  [["version", "20200310230914"]]
  ↳ bin/rails:9
  [1m[35m (3.3ms)[0m  [1m[35mCOMMIT[0m
  ↳ bin/rails:9
  [1m[36mActiveRecord::InternalMetadata Load (0.5ms)[0m  [1m[34mSELECT  "ar_internal_metadata".* FROM "ar_internal_metadata" WHERE "ar_internal_metadata"."key" = $1 LIMIT $2[0m  [["key", "environment"], ["LIMIT", 1]]
  ↳ bin/rails:9
  [1m[35m (0.2ms)[0m  [1m[35mBEGIN[0m
  ↳ bin/rails:9
  [1m[36mActiveRecord::InternalMetadata Create (0.5ms)[0m  [1m[32mINSERT INTO "ar_internal_metadata" ("key", "value", "created_at", "updated_at") VALUES ($1, $2, $3, $4) RETURNING "key"[0m  [["key", "environment"], ["value", "development"], ["created_at", "2020-03-10 23:09:50.061801"], ["updated_at", "2020-03-10 23:09:50.061801"]]
  ↳ bin/rails:9
  [1m[35m (2.4ms)[0m  [1m[35mCOMMIT[0m
  ↳ bin/rails:9
  [1m[35m (0.4ms)[0m  [1m[34mSELECT pg_advisory_unlock(5205755026693865070)[0m
  ↳ bin/rails:9
  [1m[35m (0.4ms)[0m  [1m[34mSELECT "schema_migrations"."version" FROM "schema_migrations" ORDER BY "schema_migrations"."version" ASC[0m
  ↳ bin/rails:9
  [1m[36mRound Load (1.2ms)[0m  [1m[34mSELECT  "rounds".* FROM "rounds" WHERE "rounds"."start_date" = $1 AND "rounds"."end_date" = $2 LIMIT $3[0m  [["start_date", "2019-04-27 16:00:00"], ["end_date", "2019-04-28 19:00:00"], ["LIMIT", 1]]
  [1m[35m (0.2ms)[0m  [1m[35mBEGIN[0m
  [1m[36mRound Create (2.0ms)[0m  [1m[32mINSERT INTO "rounds" ("start_date", "end_date", "created_at", "updated_at") VALUES ($1, $2, $3, $4) RETURNING "id"[0m  [["start_date", "2019-04-27 16:00:00"], ["end_date", "2019-04-28 19:00:00"], ["created_at", "2020-03-11 04:42:30.795164"], ["updated_at", "2020-03-11 04:42:30.795164"]]
  [1m[35m (2.7ms)[0m  [1m[35mCOMMIT[0m
  [1m[36mRound Load (0.3ms)[0m  [1m[34mSELECT  "rounds".* FROM "rounds" WHERE "rounds"."start_date" = $1 AND "rounds"."end_date" = $2 LIMIT $3[0m  [["start_date", "2019-05-01 16:00:00"], ["end_date", "2019-05-02 20:00:00"], ["LIMIT", 1]]
  [1m[35m (0.1ms)[0m  [1m[35mBEGIN[0m
  [1m[36mRound Create (0.4ms)[0m  [1m[32mINSERT INTO "rounds" ("start_date", "end_date", "created_at", "updated_at") VALUES ($1, $2, $3, $4) RETURNING "id"[0m  [["start_date", "2019-05-01 16:00:00"], ["end_date", "2019-05-02 20:00:00"], ["created_at", "2020-03-11 04:42:30.803972"], ["updated_at", "2020-03-11 04:42:30.803972"]]
  [1m[35m (2.6ms)[0m  [1m[35mCOMMIT[0m
  [1m[36mRound Load (0.3ms)[0m  [1m[34mSELECT  "rounds".* FROM "rounds" WHERE "rounds"."start_date" = $1 AND "rounds"."end_date" = $2 LIMIT $3[0m  [["start_date", "2019-05-04 19:00:00"], ["end_date", "2019-05-05 19:00:00"], ["LIMIT", 1]]
  [1m[35m (0.2ms)[0m  [1m[35mBEGIN[0m
  [1m[36mRound Create (0.3ms)[0m  [1m[32mINSERT INTO "rounds" ("start_date", "end_date", "created_at", "updated_at") VALUES ($1, $2, $3, $4) RETURNING "id"[0m  [["start_date", "2019-05-04 19:00:00"], ["end_date", "2019-05-05 19:00:00"], ["created_at", "2020-03-11 04:42:30.811608"], ["updated_at", "2020-03-11 04:42:30.811608"]]
  [1m[35m (2.5ms)[0m  [1m[35mCOMMIT[0m
  [1m[36mRound Load (0.3ms)[0m  [1m[34mSELECT  "rounds".* FROM "rounds" WHERE "rounds"."start_date" = $1 AND "rounds"."end_date" = $2 LIMIT $3[0m  [["start_date", "2019-05-11 16:00:00"], ["end_date", "2019-05-12 19:00:00"], ["LIMIT", 1]]
  [1m[35m (0.2ms)[0m  [1m[35mBEGIN[0m
  [1m[36mRound Create (0.3ms)[0m  [1m[32mINSERT INTO "rounds" ("start_date", "end_date", "created_at", "updated_at") VALUES ($1, $2, $3, $4) RETURNING "id"[0m  [["start_date", "2019-05-11 16:00:00"], ["end_date", "2019-05-12 19:00:00"], ["created_at", "2020-03-11 04:42:30.817747"], ["updated_at", "2020-03-11 04:42:30.817747"]]
  [1m[35m (2.6ms)[0m  [1m[35mCOMMIT[0m
  [1m[36mRound Load (0.3ms)[0m  [1m[34mSELECT  "rounds".* FROM "rounds" WHERE "rounds"."start_date" = $1 AND "rounds"."end_date" = $2 LIMIT $3[0m  [["start_date", "2019-05-18 18:00:00"], ["end_date", "2019-05-19 19:00:00"], ["LIMIT", 1]]
  [1m[35m (0.2ms)[0m  [1m[35mBEGIN[0m
  [1m[36mRound Create (0.3ms)[0m  [1m[32mINSERT INTO "rounds" ("start_date", "end_date", "created_at", "updated_at") VALUES ($1, $2, $3, $4) RETURNING "id"[0m  [["start_date", "2019-05-18 18:00:00"], ["end_date", "2019-05-19 19:00:00"], ["created_at", "2020-03-11 04:42:30.825089"], ["updated_at", "2020-03-11 04:42:30.825089"]]
  [1m[35m (2.5ms)[0m  [1m[35mCOMMIT[0m
  [1m[36mRound Load (0.2ms)[0m  [1m[34mSELECT  "rounds".* FROM "rounds" WHERE "rounds"."start_date" = $1 AND "rounds"."end_date" = $2 LIMIT $3[0m  [["start_date", "2019-05-25 16:00:00"], ["end_date", "2019-05-27 20:00:00"], ["LIMIT", 1]]
  [1m[35m (0.1ms)[0m  [1m[35mBEGIN[0m
  [1m[36mRound Create (0.3ms)[0m  [1m[32mINSERT INTO "rounds" ("start_date", "end_date", "created_at", "updated_at") VALUES ($1, $2, $3, $4) RETURNING "id"[0m  [["start_date", "2019-05-25 16:00:00"], ["end_date", "2019-05-27 20:00:00"], ["created_at", "2020-03-11 04:42:30.831325"], ["updated_at", "2020-03-11 04:42:30.831325"]]
  [1m[35m (2.5ms)[0m  [1m[35mCOMMIT[0m
  [1m[36mRound Load (0.3ms)[0m  [1m[34mSELECT  "rounds".* FROM "rounds" WHERE "rounds"."start_date" = $1 AND "rounds"."end_date" = $2 LIMIT $3[0m  [["start_date", "2019-06-01 16:00:00"], ["end_date", "2019-06-02 19:00:00"], ["LIMIT", 1]]
  [1m[35m (0.2ms)[0m  [1m[35mBEGIN[0m
  [1m[36mRound Create (0.4ms)[0m  [1m[32mINSERT INTO "rounds" ("start_date", "end_date", "created_at", "updated_at") VALUES ($1, $2, $3, $4) RETURNING "id"[0m  [["start_date", "2019-06-01 16:00:00"], ["end_date", "2019-06-02 19:00:00"], ["created_at", "2020-03-11 04:42:30.838656"], ["updated_at", "2020-03-11 04:42:30.838656"]]
  [1m[35m (2.5ms)[0m  [1m[35mCOMMIT[0m
  [1m[36mRound Load (0.2ms)[0m  [1m[34mSELECT  "rounds".* FROM "rounds" WHERE "rounds"."start_date" = $1 AND "rounds"."end_date" = $2 LIMIT $3[0m  [["start_date", "2019-06-07 20:30:00"], ["end_date", "2019-06-10 20:00:00"], ["LIMIT", 1]]
  [1m[35m (0.1ms)[0m  [1m[35mBEGIN[0m
  [1m[36mRound Create (0.3ms)[0m  [1m[32mINSERT INTO "rounds" ("start_date", "end_date", "created_at", "updated_at") VALUES ($1, $2, $3, $4) RETURNING "id"[0m  [["start_date", "2019-06-07 20:30:00"], ["end_date", "2019-06-10 20:00:00"], ["created_at", "2020-03-11 04:42:30.844829"], ["updated_at", "2020-03-11 04:42:30.844829"]]
  [1m[35m (2.4ms)[0m  [1m[35mCOMMIT[0m
  [1m[36mRound Load (0.2ms)[0m  [1m[34mSELECT  "rounds".* FROM "rounds" WHERE "rounds"."start_date" = $1 AND "rounds"."end_date" = $2 LIMIT $3[0m  [["start_date", "2019-06-12 19:15:00"], ["end_date", "2019-06-13 20:00:00"], ["LIMIT", 1]]
  [1m[35m (0.1ms)[0m  [1m[35mBEGIN[0m
  [1m[36mRound Create (0.3ms)[0m  [1m[32mINSERT INTO "rounds" ("start_date", "end_date", "created_at", "updated_at") VALUES ($1, $2, $3, $4) RETURNING "id"[0m  [["start_date", "2019-06-12 19:15:00"], ["end_date", "2019-06-13 20:00:00"], ["created_at", "2020-03-11 04:42:30.850969"], ["updated_at", "2020-03-11 04:42:30.850969"]]
  [1m[35m (1.7ms)[0m  [1m[35mCOMMIT[0m
  [1m[36mRound Load (0.3ms)[0m  [1m[34mSELECT  "rounds".* FROM "rounds" WHERE "rounds"."start_date" = $1 AND "rounds"."end_date" = $2 LIMIT $3[0m  [["start_date", "2019-07-13 17:00:00"], ["end_date", "2019-07-15 20:00:00"], ["LIMIT", 1]]
  [1m[35m (0.3ms)[0m  [1m[35mBEGIN[0m
  [1m[36mRound Create (0.4ms)[0m  [1m[32mINSERT INTO "rounds" ("start_date", "end_date", "created_at", "updated_at") VALUES ($1, $2, $3, $4) RETURNING "id"[0m  [["start_date", "2019-07-13 17:00:00"], ["end_date", "2019-07-15 20:00:00"], ["created_at", "2020-03-11 04:42:30.856959"], ["updated_at", "2020-03-11 04:42:30.856959"]]
  [1m[35m (1.8ms)[0m  [1m[35mCOMMIT[0m
  [1m[36mRound Load (0.2ms)[0m  [1m[34mSELECT  "rounds".* FROM "rounds" WHERE "rounds"."start_date" = $1 AND "rounds"."end_date" = $2 LIMIT $3[0m  [["start_date", "2019-07-20 11:00:00"], ["end_date", "2019-07-22 20:00:00"], ["LIMIT", 1]]
  [1m[35m (0.1ms)[0m  [1m[35mBEGIN[0m
  [1m[36mRound Create (0.2ms)[0m  [1m[32mINSERT INTO "rounds" ("start_date", "end_date", "created_at", "updated_at") VALUES ($1, $2, $3, $4) RETURNING "id"[0m  [["start_date", "2019-07-20 11:00:00"], ["end_date", "2019-07-22 20:00:00"], ["created_at", "2020-03-11 04:42:30.866441"], ["updated_at", "2020-03-11 04:42:30.866441"]]
  [1m[35m (1.6ms)[0m  [1m[35mCOMMIT[0m
  [1m[36mRound Load (0.3ms)[0m  [1m[34mSELECT  "rounds".* FROM "rounds" WHERE "rounds"."start_date" = $1 AND "rounds"."end_date" = $2 LIMIT $3[0m  [["start_date", "2019-07-27 17:00:00"], ["end_date", "2019-07-29 20:00:00"], ["LIMIT", 1]]
  [1m[35m (0.2ms)[0m  [1m[35mBEGIN[0m
  [1m[36mRound Create (0.5ms)[0m  [1m[32mINSERT INTO "rounds" ("start_date", "end_date", "created_at", "updated_at") VALUES ($1, $2, $3, $4) RETURNING "id"[0m  [["start_date", "2019-07-27 17:00:00"], ["end_date", "2019-07-29 20:00:00"], ["created_at", "2020-03-11 04:42:30.871419"], ["updated_at", "2020-03-11 04:42:30.871419"]]
  [1m[35m (1.9ms)[0m  [1m[35mCOMMIT[0m
  [1m[36mRound Load (0.6ms)[0m  [1m[34mSELECT  "rounds".* FROM "rounds" WHERE "rounds"."start_date" = $1 AND "rounds"."end_date" = $2 LIMIT $3[0m  [["start_date", "2019-08-03 19:00:00"], ["end_date", "2019-08-05 20:00:00"], ["LIMIT", 1]]
  [1m[35m (0.4ms)[0m  [1m[35mBEGIN[0m
  [1m[36mRound Create (0.5ms)[0m  [1m[32mINSERT INTO "rounds" ("start_date", "end_date", "created_at", "updated_at") VALUES ($1, $2, $3, $4) RETURNING "id"[0m  [["start_date", "2019-08-03 19:00:00"], ["end_date", "2019-08-05 20:00:00"], ["created_at", "2020-03-11 04:42:30.880402"], ["updated_at", "2020-03-11 04:42:30.880402"]]
  [1m[35m (1.8ms)[0m  [1m[35mCOMMIT[0m
  [1m[36mRound Load (0.3ms)[0m  [1m[34mSELECT  "rounds".* FROM "rounds" WHERE "rounds"."start_date" = $1 AND "rounds"."end_date" = $2 LIMIT $3[0m  [["start_date", "2019-08-10 17:00:00"], ["end_date", "2019-08-12 20:00:00"], ["LIMIT", 1]]
  [1m[35m (0.1ms)[0m  [1m[35mBEGIN[0m
  [1m[36mRound Create (0.3ms)[0m  [1m[32mINSERT INTO "rounds" ("start_date", "end_date", "created_at", "updated_at") VALUES ($1, $2, $3, $4) RETURNING "id"[0m  [["start_date", "2019-08-10 17:00:00"], ["end_date", "2019-08-12 20:00:00"], ["created_at", "2020-03-11 04:42:30.886627"], ["updated_at", "2020-03-11 04:42:30.886627"]]
  [1m[35m (1.9ms)[0m  [1m[35mCOMMIT[0m
  [1m[36mRound Load (0.3ms)[0m  [1m[34mSELECT  "rounds".* FROM "rounds" WHERE "rounds"."start_date" = $1 AND "rounds"."end_date" = $2 LIMIT $3[0m  [["start_date", "2019-08-17 17:00:00"], ["end_date", "2019-08-19 20:00:00"], ["LIMIT", 1]]
  [1m[35m (0.1ms)[0m  [1m[35mBEGIN[0m
  [1m[36mRound Create (0.3ms)[0m  [1m[32mINSERT INTO "rounds" ("start_date", "end_date", "created_at", "updated_at") VALUES ($1, $2, $3, $4) RETURNING "id"[0m  [["start_date", "2019-08-17 17:00:00"], ["end_date", "2019-08-19 20:00:00"], ["created_at", "2020-03-11 04:42:30.891585"], ["updated_at", "2020-03-11 04:42:30.891585"]]
  [1m[35m (1.7ms)[0m  [1m[35mCOMMIT[0m
  [1m[36mRound Load (0.2ms)[0m  [1m[34mSELECT  "rounds".* FROM "rounds" WHERE "rounds"."start_date" = $1 AND "rounds"."end_date" = $2 LIMIT $3[0m  [["start_date", "2019-08-25 16:00:00"], ["end_date", "2019-08-25 16:00:00"], ["LIMIT", 1]]
  [1m[35m (0.2ms)[0m  [1m[35mBEGIN[0m
  [1m[36mRound Create (0.3ms)[0m  [1m[32mINSERT INTO "rounds" ("start_date", "end_date", "created_at", "updated_at") VALUES ($1, $2, $3, $4) RETURNING "id"[0m  [["start_date", "2019-08-25 16:00:00"], ["end_date", "2019-08-25 16:00:00"], ["created_at", "2020-03-11 04:42:30.895705"], ["updated_at", "2020-03-11 04:42:30.895705"]]
  [1m[35m (1.8ms)[0m  [1m[35mCOMMIT[0m
  [1m[36mRound Load (0.2ms)[0m  [1m[34mSELECT  "rounds".* FROM "rounds" WHERE "rounds"."start_date" = $1 AND "rounds"."end_date" = $2 LIMIT $3[0m  [["start_date", "2019-09-01 16:00:00"], ["end_date", "2019-09-01 16:00:00"], ["LIMIT", 1]]
  [1m[35m (0.1ms)[0m  [1m[35mBEGIN[0m
  [1m[36mRound Create (0.3ms)[0m  [1m[32mINSERT INTO "rounds" ("start_date", "end_date", "created_at", "updated_at") VALUES ($1, $2, $3, $4) RETURNING "id"[0m  [["start_date", "2019-09-01 16:00:00"], ["end_date", "2019-09-01 16:00:00"], ["created_at", "2020-03-11 04:42:30.899867"], ["updated_at", "2020-03-11 04:42:30.899867"]]
  [1m[35m (2.7ms)[0m  [1m[35mCOMMIT[0m
  [1m[36mRound Load (0.2ms)[0m  [1m[34mSELECT  "rounds".* FROM "rounds" WHERE "rounds"."start_date" = $1 AND "rounds"."end_date" = $2 LIMIT $3[0m  [["start_date", "2019-09-08 16:00:00"], ["end_date", "2019-09-08 16:00:00"], ["LIMIT", 1]]
  [1m[35m (0.2ms)[0m  [1m[35mBEGIN[0m
  [1m[36mRound Create (0.4ms)[0m  [1m[32mINSERT INTO "rounds" ("start_date", "end_date", "created_at", "updated_at") VALUES ($1, $2, $3, $4) RETURNING "id"[0m  [["start_date", "2019-09-08 16:00:00"], ["end_date", "2019-09-08 16:00:00"], ["created_at", "2020-03-11 04:42:30.905572"], ["updated_at", "2020-03-11 04:42:30.905572"]]
  [1m[35m (2.6ms)[0m  [1m[35mCOMMIT[0m
  [1m[36mRound Load (0.2ms)[0m  [1m[34mSELECT  "rounds".* FROM "rounds" WHERE "rounds"."start_date" = $1 AND "rounds"."end_date" = $2 LIMIT $3[0m  [["start_date", "2019-09-15 16:00:00"], ["end_date", "2019-09-15 16:00:00"], ["LIMIT", 1]]
  [1m[35m (0.1ms)[0m  [1m[35mBEGIN[0m
  [1m[36mRound Create (0.3ms)[0m  [1m[32mINSERT INTO "rounds" ("start_date", "end_date", "created_at", "updated_at") VALUES ($1, $2, $3, $4) RETURNING "id"[0m  [["start_date", "2019-09-15 16:00:00"], ["end_date", "2019-09-15 16:00:00"], ["created_at", "2020-03-11 04:42:30.911129"], ["updated_at", "2020-03-11 04:42:30.911129"]]
  [1m[35m (2.5ms)[0m  [1m[35mCOMMIT[0m
  [1m[36mRound Load (0.2ms)[0m  [1m[34mSELECT  "rounds".* FROM "rounds" WHERE "rounds"."start_date" = $1 AND "rounds"."end_date" = $2 LIMIT $3[0m  [["start_date", "2019-09-22 16:00:00"], ["end_date", "2019-09-22 16:00:00"], ["LIMIT", 1]]
  [1m[35m (0.1ms)[0m  [1m[35mBEGIN[0m
  [1m[36mRound Create (0.3ms)[0m  [1m[32mINSERT INTO "rounds" ("start_date", "end_date", "created_at", "updated_at") VALUES ($1, $2, $3, $4) RETURNING "id"[0m  [["start_date", "2019-09-22 16:00:00"], ["end_date", "2019-09-22 16:00:00"], ["created_at", "2020-03-11 04:42:30.916325"], ["updated_at", "2020-03-11 04:42:30.916325"]]
  [1m[35m (2.6ms)[0m  [1m[35mCOMMIT[0m
  [1m[36mRound Load (0.3ms)[0m  [1m[34mSELECT  "rounds".* FROM "rounds" WHERE "rounds"."start_date" = $1 AND "rounds"."end_date" = $2 LIMIT $3[0m  [["start_date", "2019-09-25 16:00:00"], ["end_date", "2019-09-25 16:00:00"], ["LIMIT", 1]]
  [1m[35m (0.1ms)[0m  [1m[35mBEGIN[0m
  [1m[36mRound Create (0.3ms)[0m  [1m[32mINSERT INTO "rounds" ("start_date", "end_date", "created_at", "updated_at") VALUES ($1, $2, $3, $4) RETURNING "id"[0m  [["start_date", "2019-09-25 16:00:00"], ["end_date", "2019-09-25 16:00:00"], ["created_at", "2020-03-11 04:42:30.922085"], ["updated_at", "2020-03-11 04:42:30.922085"]]
  [1m[35m (2.6ms)[0m  [1m[35mCOMMIT[0m
  [1m[36mRound Load (0.2ms)[0m  [1m[34mSELECT  "rounds".* FROM "rounds" WHERE "rounds"."start_date" = $1 AND "rounds"."end_date" = $2 LIMIT $3[0m  [["start_date", "2019-09-29 16:00:00"], ["end_date", "2019-09-29 16:00:00"], ["LIMIT", 1]]
  [1m[35m (0.1ms)[0m  [1m[35mBEGIN[0m
  [1m[36mRound Create (0.3ms)[0m  [1m[32mINSERT INTO "rounds" ("start_date", "end_date", "created_at", "updated_at") VALUES ($1, $2, $3, $4) RETURNING "id"[0m  [["start_date", "2019-09-29 16:00:00"], ["end_date", "2019-09-29 16:00:00"], ["created_at", "2020-03-11 04:42:30.927195"], ["updated_at", "2020-03-11 04:42:30.927195"]]
  [1m[35m (2.7ms)[0m  [1m[35mCOMMIT[0m
  [1m[36mRound Load (0.6ms)[0m  [1m[34mSELECT  "rounds".* FROM "rounds" WHERE "rounds"."start_date" = $1 AND "rounds"."end_date" = $2 LIMIT $3[0m  [["start_date", "2019-10-06 16:00:00"], ["end_date", "2019-10-06 16:00:00"], ["LIMIT", 1]]
  [1m[35m (0.3ms)[0m  [1m[35mBEGIN[0m
  [1m[36mRound Create (0.8ms)[0m  [1m[32mINSERT INTO "rounds" ("start_date", "end_date", "created_at", "updated_at") VALUES ($1, $2, $3, $4) RETURNING "id"[0m  [["start_date", "2019-10-06 16:00:00"], ["end_date", "2019-10-06 16:00:00"], ["created_at", "2020-03-11 04:42:30.935060"], ["updated_at", "2020-03-11 04:42:30.935060"]]
  [1m[35m (3.1ms)[0m  [1m[35mCOMMIT[0m
  [1m[36mRound Load (0.6ms)[0m  [1m[34mSELECT  "rounds".* FROM "rounds" WHERE "rounds"."start_date" = $1 AND "rounds"."end_date" = $2 LIMIT $3[0m  [["start_date", "2019-10-09 16:00:00"], ["end_date", "2019-10-09 16:00:00"], ["LIMIT", 1]]
  [1m[35m (0.4ms)[0m  [1m[35mBEGIN[0m
  [1m[36mRound Create (0.7ms)[0m  [1m[32mINSERT INTO "rounds" ("start_date", "end_date", "created_at", "updated_at") VALUES ($1, $2, $3, $4) RETURNING "id"[0m  [["start_date", "2019-10-09 16:00:00"], ["end_date", "2019-10-09 16:00:00"], ["created_at", "2020-03-11 04:42:30.946204"], ["updated_at", "2020-03-11 04:42:30.946204"]]
  [1m[35m (2.1ms)[0m  [1m[35mCOMMIT[0m
  [1m[36mRound Load (0.6ms)[0m  [1m[34mSELECT  "rounds".* FROM "rounds" WHERE "rounds"."start_date" = $1 AND "rounds"."end_date" = $2 LIMIT $3[0m  [["start_date", "2019-10-13 16:00:00"], ["end_date", "2019-10-13 16:00:00"], ["LIMIT", 1]]
  [1m[35m (0.3ms)[0m  [1m[35mBEGIN[0m
  [1m[36mRound Create (0.9ms)[0m  [1m[32mINSERT INTO "rounds" ("start_date", "end_date", "created_at", "updated_at") VALUES ($1, $2, $3, $4) RETURNING "id"[0m  [["start_date", "2019-10-13 16:00:00"], ["end_date", "2019-10-13 16:00:00"], ["created_at", "2020-03-11 04:42:30.955879"], ["updated_at", "2020-03-11 04:42:30.955879"]]
  [1m[35m (2.1ms)[0m  [1m[35mCOMMIT[0m
  [1m[36mRound Load (0.4ms)[0m  [1m[34mSELECT  "rounds".* FROM "rounds" WHERE "rounds"."start_date" = $1 AND "rounds"."end_date" = $2 LIMIT $3[0m  [["start_date", "2019-10-16 16:00:00"], ["end_date", "2019-10-16 16:00:00"], ["LIMIT", 1]]
  [1m[35m (0.3ms)[0m  [1m[35mBEGIN[0m
  [1m[36mRound Create (0.4ms)[0m  [1m[32mINSERT INTO "rounds" ("start_date", "end_date", "created_at", "updated_at") VALUES ($1, $2, $3, $4) RETURNING "id"[0m  [["start_date", "2019-10-16 16:00:00"], ["end_date", "2019-10-16 16:00:00"], ["created_at", "2020-03-11 04:42:30.964338"], ["updated_at", "2020-03-11 04:42:30.964338"]]
  [1m[35m (1.7ms)[0m  [1m[35mCOMMIT[0m
  [1m[36mRound Load (0.3ms)[0m  [1m[34mSELECT  "rounds".* FROM "rounds" WHERE "rounds"."start_date" = $1 AND "rounds"."end_date" = $2 LIMIT $3[0m  [["start_date", "2019-10-20 16:00:00"], ["end_date", "2019-10-20 16:00:00"], ["LIMIT", 1]]
  [1m[35m (0.2ms)[0m  [1m[35mBEGIN[0m
  [1m[36mRound Create (0.4ms)[0m  [1m[32mINSERT INTO "rounds" ("start_date", "end_date", "created_at", "updated_at") VALUES ($1, $2, $3, $4) RETURNING "id"[0m  [["start_date", "2019-10-20 16:00:00"], ["end_date", "2019-10-20 16:00:00"], ["created_at", "2020-03-11 04:42:30.969894"], ["updated_at", "2020-03-11 04:42:30.969894"]]
  [1m[35m (1.9ms)[0m  [1m[35mCOMMIT[0m
  [1m[36mRound Load (0.3ms)[0m  [1m[34mSELECT  "rounds".* FROM "rounds" WHERE "rounds"."start_date" = $1 AND "rounds"."end_date" = $2 LIMIT $3[0m  [["start_date", "2019-10-27 16:00:00"], ["end_date", "2019-10-27 16:00:00"], ["LIMIT", 1]]
  [1m[35m (0.2ms)[0m  [1m[35mBEGIN[0m
  [1m[36mRound Create (0.3ms)[0m  [1m[32mINSERT INTO "rounds" ("start_date", "end_date", "created_at", "updated_at") VALUES ($1, $2, $3, $4) RETURNING "id"[0m  [["start_date", "2019-10-27 16:00:00"], ["end_date", "2019-10-27 16:00:00"], ["created_at", "2020-03-11 04:42:30.975426"], ["updated_at", "2020-03-11 04:42:30.975426"]]
  [1m[35m (1.7ms)[0m  [1m[35mCOMMIT[0m
  [1m[36mRound Load (0.3ms)[0m  [1m[34mSELECT  "rounds".* FROM "rounds" WHERE "rounds"."start_date" = $1 AND "rounds"."end_date" = $2 LIMIT $3[0m  [["start_date", "2019-10-30 16:00:00"], ["end_date", "2019-10-30 16:00:00"], ["LIMIT", 1]]
  [1m[35m (0.2ms)[0m  [1m[35mBEGIN[0m
  [1m[36mRound Create (0.3ms)[0m  [1m[32mINSERT INTO "rounds" ("start_date", "end_date", "created_at", "updated_at") VALUES ($1, $2, $3, $4) RETURNING "id"[0m  [["start_date", "2019-10-30 16:00:00"], ["end_date", "2019-10-30 16:00:00"], ["created_at", "2020-03-11 04:42:30.980164"], ["updated_at", "2020-03-11 04:42:30.980164"]]
  [1m[35m (1.7ms)[0m  [1m[35mCOMMIT[0m
  [1m[36mRound Load (0.3ms)[0m  [1m[34mSELECT  "rounds".* FROM "rounds" WHERE "rounds"."start_date" = $1 AND "rounds"."end_date" = $2 LIMIT $3[0m  [["start_date", "2019-11-03 16:00:00"], ["end_date", "2019-11-03 16:00:00"], ["LIMIT", 1]]
  [1m[35m (0.2ms)[0m  [1m[35mBEGIN[0m
  [1m[36mRound Create (0.5ms)[0m  [1m[32mINSERT INTO "rounds" ("start_date", "end_date", "created_at", "updated_at") VALUES ($1, $2, $3, $4) RETURNING "id"[0m  [["start_date", "2019-11-03 16:00:00"], ["end_date", "2019-11-03 16:00:00"], ["created_at", "2020-03-11 04:42:30.985239"], ["updated_at", "2020-03-11 04:42:30.985239"]]
  [1m[35m (1.8ms)[0m  [1m[35mCOMMIT[0m
  [1m[36mRound Load (0.3ms)[0m  [1m[34mSELECT  "rounds".* FROM "rounds" WHERE "rounds"."start_date" = $1 AND "rounds"."end_date" = $2 LIMIT $3[0m  [["start_date", "2019-11-06 16:00:00"], ["end_date", "2019-11-06 16:00:00"], ["LIMIT", 1]]
  [1m[35m (0.2ms)[0m  [1m[35mBEGIN[0m
  [1m[36mRound Create (0.3ms)[0m  [1m[32mINSERT INTO "rounds" ("start_date", "end_date", "created_at", "updated_at") VALUES ($1, $2, $3, $4) RETURNING "id"[0m  [["start_date", "2019-11-06 16:00:00"], ["end_date", "2019-11-06 16:00:00"], ["created_at", "2020-03-11 04:42:30.990474"], ["updated_at", "2020-03-11 04:42:30.990474"]]
  [1m[35m (1.7ms)[0m  [1m[35mCOMMIT[0m
  [1m[36mRound Load (0.2ms)[0m  [1m[34mSELECT  "rounds".* FROM "rounds" WHERE "rounds"."start_date" = $1 AND "rounds"."end_date" = $2 LIMIT $3[0m  [["start_date", "2019-11-10 16:00:00"], ["end_date", "2019-11-10 16:00:00"], ["LIMIT", 1]]
  [1m[35m (0.2ms)[0m  [1m[35mBEGIN[0m
  [1m[36mRound Create (0.3ms)[0m  [1m[32mINSERT INTO "rounds" ("start_date", "end_date", "created_at", "updated_at") VALUES ($1, $2, $3, $4) RETURNING "id"[0m  [["start_date", "2019-11-10 16:00:00"], ["end_date", "2019-11-10 16:00:00"], ["created_at", "2020-03-11 04:42:30.994965"], ["updated_at", "2020-03-11 04:42:30.994965"]]
  [1m[35m (2.7ms)[0m  [1m[35mCOMMIT[0m
  [1m[36mRound Load (0.2ms)[0m  [1m[34mSELECT  "rounds".* FROM "rounds" WHERE "rounds"."start_date" = $1 AND "rounds"."end_date" = $2 LIMIT $3[0m  [["start_date", "2019-11-17 16:00:00"], ["end_date", "2019-11-17 16:00:00"], ["LIMIT", 1]]
  [1m[35m (0.2ms)[0m  [1m[35mBEGIN[0m
  [1m[36mRound Create (0.3ms)[0m  [1m[32mINSERT INTO "rounds" ("start_date", "end_date", "created_at", "updated_at") VALUES ($1, $2, $3, $4) RETURNING "id"[0m  [["start_date", "2019-11-17 16:00:00"], ["end_date", "2019-11-17 16:00:00"], ["created_at", "2020-03-11 04:42:31.000382"], ["updated_at", "2020-03-11 04:42:31.000382"]]
  [1m[35m (2.5ms)[0m  [1m[35mCOMMIT[0m
  [1m[36mRound Load (0.3ms)[0m  [1m[34mSELECT  "rounds".* FROM "rounds" WHERE "rounds"."start_date" = $1 AND "rounds"."end_date" = $2 LIMIT $3[0m  [["start_date", "2019-11-24 16:00:00"], ["end_date", "2019-11-24 16:00:00"], ["LIMIT", 1]]
  [1m[35m (0.2ms)[0m  [1m[35mBEGIN[0m
  [1m[36mRound Create (0.5ms)[0m  [1m[32mINSERT INTO "rounds" ("start_date", "end_date", "created_at", "updated_at") VALUES ($1, $2, $3, $4) RETURNING "id"[0m  [["start_date", "2019-11-24 16:00:00"], ["end_date", "2019-11-24 16:00:00"], ["created_at", "2020-03-11 04:42:31.006459"], ["updated_at", "2020-03-11 04:42:31.006459"]]
  [1m[35m (2.7ms)[0m  [1m[35mCOMMIT[0m
  [1m[36mRound Load (0.3ms)[0m  [1m[34mSELECT  "rounds".* FROM "rounds" WHERE "rounds"."start_date" = $1 AND "rounds"."end_date" = $2 LIMIT $3[0m  [["start_date", "2019-11-27 16:00:00"], ["end_date", "2019-11-27 16:00:00"], ["LIMIT", 1]]
  [1m[35m (0.2ms)[0m  [1m[35mBEGIN[0m
  [1m[36mRound Create (0.3ms)[0m  [1m[32mINSERT INTO "rounds" ("start_date", "end_date", "created_at", "updated_at") VALUES ($1, $2, $3, $4) RETURNING "id"[0m  [["start_date", "2019-11-27 16:00:00"], ["end_date", "2019-11-27 16:00:00"], ["created_at", "2020-03-11 04:42:31.012576"], ["updated_at", "2020-03-11 04:42:31.012576"]]
  [1m[35m (2.6ms)[0m  [1m[35mCOMMIT[0m
  [1m[36mRound Load (0.3ms)[0m  [1m[34mSELECT  "rounds".* FROM "rounds" WHERE "rounds"."start_date" = $1 AND "rounds"."end_date" = $2 LIMIT $3[0m  [["start_date", "2019-12-01 16:00:00"], ["end_date", "2019-12-01 16:00:00"], ["LIMIT", 1]]
  [1m[35m (0.2ms)[0m  [1m[35mBEGIN[0m
  [1m[36mRound Create (0.4ms)[0m  [1m[32mINSERT INTO "rounds" ("start_date", "end_date", "created_at", "updated_at") VALUES ($1, $2, $3, $4) RETURNING "id"[0m  [["start_date", "2019-12-01 16:00:00"], ["end_date", "2019-12-01 16:00:00"], ["created_at", "2020-03-11 04:42:31.018612"], ["updated_at", "2020-03-11 04:42:31.018612"]]
  [1m[35m (2.6ms)[0m  [1m[35mCOMMIT[0m
  [1m[36mRound Load (0.3ms)[0m  [1m[34mSELECT  "rounds".* FROM "rounds" WHERE "rounds"."start_date" = $1 AND "rounds"."end_date" = $2 LIMIT $3[0m  [["start_date", "2019-12-04 16:00:00"], ["end_date", "2019-12-04 16:00:00"], ["LIMIT", 1]]
  [1m[35m (0.3ms)[0m  [1m[35mBEGIN[0m
  [1m[36mRound Create (0.4ms)[0m  [1m[32mINSERT INTO "rounds" ("start_date", "end_date", "created_at", "updated_at") VALUES ($1, $2, $3, $4) RETURNING "id"[0m  [["start_date", "2019-12-04 16:00:00"], ["end_date", "2019-12-04 16:00:00"], ["created_at", "2020-03-11 04:42:31.025283"], ["updated_at", "2020-03-11 04:42:31.025283"]]
  [1m[35m (2.6ms)[0m  [1m[35mCOMMIT[0m
  [1m[36mRound Load (0.2ms)[0m  [1m[34mSELECT  "rounds".* FROM "rounds" WHERE "rounds"."start_date" = $1 AND "rounds"."end_date" = $2 LIMIT $3[0m  [["start_date", "2019-12-08 16:00:00"], ["end_date", "2019-12-08 16:00:00"], ["LIMIT", 1]]
  [1m[35m (0.2ms)[0m  [1m[35mBEGIN[0m
  [1m[36mRound Create (0.4ms)[0m  [1m[32mINSERT INTO "rounds" ("start_date", "end_date", "created_at", "updated_at") VALUES ($1, $2, $3, $4) RETURNING "id"[0m  [["start_date", "2019-12-08 16:00:00"], ["end_date", "2019-12-08 16:00:00"], ["created_at", "2020-03-11 04:42:31.030967"], ["updated_at", "2020-03-11 04:42:31.030967"]]
  [1m[35m (2.5ms)[0m  [1m[35mCOMMIT[0m
  [1m[36mRound Load (0.6ms)[0m  [1m[34mSELECT  "rounds".* FROM "rounds" WHERE "rounds"."id" = $1 LIMIT $2[0m  [["id", 19], ["LIMIT", 1]]
  [1m[35m (2.4ms)[0m  [1m[34mSELECT COUNT(*) FROM "rounds"[0m
  [1m[35m (0.9ms)[0m  [1m[34mSELECT COUNT(*) FROM "rounds"[0m
  [1m[35m (0.2ms)[0m  [1m[34mSELECT pg_try_advisory_lock(5205755026693865070)[0m
  ↳ bin/rails:9
  [1m[35m (1.1ms)[0m  [1m[34mSELECT "schema_migrations"."version" FROM "schema_migrations" ORDER BY "schema_migrations"."version" ASC[0m
  ↳ bin/rails:9
Migrating to CreateClubs (20200311045757)
  [1m[35m (0.2ms)[0m  [1m[35mBEGIN[0m
  ↳ bin/rails:9
  [1m[35m (36.2ms)[0m  [1m[35mCREATE TABLE "clubs" ("id" bigserial primary key, "id_club" integer, "name" character varying, "abbreviation" character varying, "position" integer, "fantasy_name" character varying, "shield_30x30" character varying, "shield_45x45" character varying, "shield_60x60" character varying, "created_at" timestamp NOT NULL, "updated_at" timestamp NOT NULL)[0m
  ↳ db/migrate/20200311045757_create_clubs.rb:3
  [1m[36mActiveRecord::SchemaMigration Create (0.7ms)[0m  [1m[32mINSERT INTO "schema_migrations" ("version") VALUES ($1) RETURNING "version"[0m  [["version", "20200311045757"]]
  ↳ bin/rails:9
  [1m[35m (3.6ms)[0m  [1m[35mCOMMIT[0m
  ↳ bin/rails:9
  [1m[36mActiveRecord::InternalMetadata Load (1.0ms)[0m  [1m[34mSELECT  "ar_internal_metadata".* FROM "ar_internal_metadata" WHERE "ar_internal_metadata"."key" = $1 LIMIT $2[0m  [["key", "environment"], ["LIMIT", 1]]
  ↳ bin/rails:9
  [1m[35m (0.2ms)[0m  [1m[35mBEGIN[0m
  ↳ bin/rails:9
  [1m[35m (0.2ms)[0m  [1m[35mCOMMIT[0m
  ↳ bin/rails:9
  [1m[35m (0.5ms)[0m  [1m[34mSELECT pg_advisory_unlock(5205755026693865070)[0m
  ↳ bin/rails:9
  [1m[35m (0.3ms)[0m  [1m[34mSELECT "schema_migrations"."version" FROM "schema_migrations" ORDER BY "schema_migrations"."version" ASC[0m
  ↳ bin/rails:9
  [1m[36mClub Load (4.3ms)[0m  [1m[34mSELECT  "clubs".* FROM "clubs" WHERE "clubs"."id_club" = $1 AND "clubs"."name" = $2 AND "clubs"."abbreviation" = $3 AND "clubs"."position" = $4 AND "clubs"."fantasy_name" = $5 AND "clubs"."shield_30x30" = $6 AND "clubs"."shield_45x45" = $7 AND "clubs"."shield_60x60" = $8 LIMIT $9[0m  [["id_club", 262], ["name", "Flamengo"], ["abbreviation", "FLA"], ["position", 3], ["fantasy_name", "Flamengo"], ["shield_30x30", "https://s.glbimg.com/es/sde/f/equipes/2018/04/09/Flamengo-30.png"], ["shield_45x45", "https://s.glbimg.com/es/sde/f/equipes/2018/04/09/Flamengo-45.png"], ["shield_60x60", "https://s.glbimg.com/es/sde/f/equipes/2018/04/09/Flamengo-65.png"], ["LIMIT", 1]]
  [1m[35m (0.3ms)[0m  [1m[35mBEGIN[0m
  [1m[36mClub Create (2.3ms)[0m  [1m[32mINSERT INTO "clubs" ("id_club", "name", "abbreviation", "position", "fantasy_name", "shield_30x30", "shield_45x45", "shield_60x60", "created_at", "updated_at") VALUES ($1, $2, $3, $4, $5, $6, $7, $8, $9, $10) RETURNING "id_club"[0m  [["id_club", 262], ["name", "Flamengo"], ["abbreviation", "FLA"], ["position", 3], ["fantasy_name", "Flamengo"], ["shield_30x30", "https://s.glbimg.com/es/sde/f/equipes/2018/04/09/Flamengo-30.png"], ["shield_45x45", "https://s.glbimg.com/es/sde/f/equipes/2018/04/09/Flamengo-45.png"], ["shield_60x60", "https://s.glbimg.com/es/sde/f/equipes/2018/04/09/Flamengo-65.png"], ["created_at", "2020-03-11 13:14:46.230373"], ["updated_at", "2020-03-11 13:14:46.230373"]]
  [1m[35m (2.5ms)[0m  [1m[35mCOMMIT[0m
  [1m[36mClub Load (0.5ms)[0m  [1m[34mSELECT  "clubs".* FROM "clubs" WHERE "clubs"."id_club" = $1 AND "clubs"."name" = $2 AND "clubs"."abbreviation" = $3 AND "clubs"."position" = $4 AND "clubs"."fantasy_name" = $5 AND "clubs"."shield_30x30" = $6 AND "clubs"."shield_45x45" = $7 AND "clubs"."shield_60x60" = $8 LIMIT $9[0m  [["id_club", 263], ["name", "Botafogo"], ["abbreviation", "BOT"], ["position", 7], ["fantasy_name", "Botafogo"], ["shield_30x30", "https://s.glbimg.com/es/sde/f/equipes/2013/12/16/botafogo_30x30.png"], ["shield_45x45", "https://s.glbimg.com/es/sde/f/equipes/2013/12/16/botafogo_45x45.png"], ["shield_60x60", "https://s.glbimg.com/es/sde/f/equipes/2014/04/14/botafogo_60x60.png"], ["LIMIT", 1]]
  [1m[35m (0.2ms)[0m  [1m[35mBEGIN[0m
  [1m[36mClub Create (0.4ms)[0m  [1m[32mINSERT INTO "clubs" ("id_club", "name", "abbreviation", "position", "fantasy_name", "shield_30x30", "shield_45x45", "shield_60x60", "created_at", "updated_at") VALUES ($1, $2, $3, $4, $5, $6, $7, $8, $9, $10) RETURNING "id_club"[0m  [["id_club", 263], ["name", "Botafogo"], ["abbreviation", "BOT"], ["position", 7], ["fantasy_name", "Botafogo"], ["shield_30x30", "https://s.glbimg.com/es/sde/f/equipes/2013/12/16/botafogo_30x30.png"], ["shield_45x45", "https://s.glbimg.com/es/sde/f/equipes/2013/12/16/botafogo_45x45.png"], ["shield_60x60", "https://s.glbimg.com/es/sde/f/equipes/2014/04/14/botafogo_60x60.png"], ["created_at", "2020-03-11 13:14:46.239486"], ["updated_at", "2020-03-11 13:14:46.239486"]]
  [1m[35m (2.5ms)[0m  [1m[35mCOMMIT[0m
  [1m[36mClub Load (0.5ms)[0m  [1m[34mSELECT  "clubs".* FROM "clubs" WHERE "clubs"."id_club" = $1 AND "clubs"."name" = $2 AND "clubs"."abbreviation" = $3 AND "clubs"."position" = $4 AND "clubs"."fantasy_name" = $5 AND "clubs"."shield_30x30" = $6 AND "clubs"."shield_45x45" = $7 AND "clubs"."shield_60x60" = $8 LIMIT $9[0m  [["id_club", 264], ["name", "Corinthians"], ["abbreviation", "COR"], ["position", 10], ["fantasy_name", "Corinthians"], ["shield_30x30", "https://s.glbimg.com/es/sde/f/equipes/2013/12/16/corinthians_30x30.png"], ["shield_45x45", "https://s.glbimg.com/es/sde/f/equipes/2013/12/16/corinthians_45x45.png"], ["shield_60x60", "https://s.glbimg.com/es/sde/f/equipes/2014/04/14/corinthians_60x60.png"], ["LIMIT", 1]]
  [1m[35m (0.2ms)[0m  [1m[35mBEGIN[0m
  [1m[36mClub Create (0.4ms)[0m  [1m[32mINSERT INTO "clubs" ("id_club", "name", "abbreviation", "position", "fantasy_name", "shield_30x30", "shield_45x45", "shield_60x60", "created_at", "updated_at") VALUES ($1, $2, $3, $4, $5, $6, $7, $8, $9, $10) RETURNING "id_club"[0m  [["id_club", 264], ["name", "Corinthians"], ["abbreviation", "COR"], ["position", 10], ["fantasy_name", "Corinthians"], ["shield_30x30", "https://s.glbimg.com/es/sde/f/equipes/2013/12/16/corinthians_30x30.png"], ["shield_45x45", "https://s.glbimg.com/es/sde/f/equipes/2013/12/16/corinthians_45x45.png"], ["shield_60x60", "https://s.glbimg.com/es/sde/f/equipes/2014/04/14/corinthians_60x60.png"], ["created_at", "2020-03-11 13:14:46.246171"], ["updated_at", "2020-03-11 13:14:46.246171"]]
  [1m[35m (2.5ms)[0m  [1m[35mCOMMIT[0m
  [1m[36mClub Load (0.4ms)[0m  [1m[34mSELECT  "clubs".* FROM "clubs" WHERE "clubs"."id_club" = $1 AND "clubs"."name" = $2 AND "clubs"."abbreviation" = $3 AND "clubs"."position" = $4 AND "clubs"."fantasy_name" = $5 AND "clubs"."shield_30x30" = $6 AND "clubs"."shield_45x45" = $7 AND "clubs"."shield_60x60" = $8 LIMIT $9[0m  [["id_club", 265], ["name", "Bahia"], ["abbreviation", "BAH"], ["position", 8], ["fantasy_name", "Bahia"], ["shield_30x30", "https://s.glbimg.com/es/sde/f/equipes/2013/12/16/bahia_30x30.png"], ["shield_45x45", "https://s.glbimg.com/es/sde/f/equipes/2013/12/16/bahia_45x45.png"], ["shield_60x60", "https://s.glbimg.com/es/sde/f/equipes/2014/04/14/bahia_60x60.png"], ["LIMIT", 1]]
  [1m[35m (0.2ms)[0m  [1m[35mBEGIN[0m
  [1m[36mClub Create (0.4ms)[0m  [1m[32mINSERT INTO "clubs" ("id_club", "name", "abbreviation", "position", "fantasy_name", "shield_30x30", "shield_45x45", "shield_60x60", "created_at", "updated_at") VALUES ($1, $2, $3, $4, $5, $6, $7, $8, $9, $10) RETURNING "id_club"[0m  [["id_club", 265], ["name", "Bahia"], ["abbreviation", "BAH"], ["position", 8], ["fantasy_name", "Bahia"], ["shield_30x30", "https://s.glbimg.com/es/sde/f/equipes/2013/12/16/bahia_30x30.png"], ["shield_45x45", "https://s.glbimg.com/es/sde/f/equipes/2013/12/16/bahia_45x45.png"], ["shield_60x60", "https://s.glbimg.com/es/sde/f/equipes/2014/04/14/bahia_60x60.png"], ["created_at", "2020-03-11 13:14:46.252580"], ["updated_at", "2020-03-11 13:14:46.252580"]]
  [1m[35m (2.5ms)[0m  [1m[35mCOMMIT[0m
  [1m[36mClub Load (0.9ms)[0m  [1m[34mSELECT  "clubs".* FROM "clubs" WHERE "clubs"."id_club" = $1 AND "clubs"."name" = $2 AND "clubs"."abbreviation" = $3 AND "clubs"."position" = $4 AND "clubs"."fantasy_name" = $5 AND "clubs"."shield_30x30" = $6 AND "clubs"."shield_45x45" = $7 AND "clubs"."shield_60x60" = $8 LIMIT $9[0m  [["id_club", 266], ["name", "Fluminense"], ["abbreviation", "FLU"], ["position", 16], ["fantasy_name", "Fluminense"], ["shield_30x30", "https://s.glbimg.com/es/sde/f/equipes/2015/07/21/Fluminense-escudo.png"], ["shield_45x45", "https://s.glbimg.com/es/sde/f/equipes/2015/07/21/fluminense_45x45.png"], ["shield_60x60", "https://s.glbimg.com/es/sde/f/equipes/2015/07/21/fluminense_60x60.png"], ["LIMIT", 1]]
  [1m[35m (0.2ms)[0m  [1m[35mBEGIN[0m
  [1m[36mClub Create (0.5ms)[0m  [1m[32mINSERT INTO "clubs" ("id_club", "name", "abbreviation", "position", "fantasy_name", "shield_30x30", "shield_45x45", "shield_60x60", "created_at", "updated_at") VALUES ($1, $2, $3, $4, $5, $6, $7, $8, $9, $10) RETURNING "id_club"[0m  [["id_club", 266], ["name", "Fluminense"], ["abbreviation", "FLU"], ["position", 16], ["fantasy_name", "Fluminense"], ["shield_30x30", "https://s.glbimg.com/es/sde/f/equipes/2015/07/21/Fluminense-escudo.png"], ["shield_45x45", "https://s.glbimg.com/es/sde/f/equipes/2015/07/21/fluminense_45x45.png"], ["shield_60x60", "https://s.glbimg.com/es/sde/f/equipes/2015/07/21/fluminense_60x60.png"], ["created_at", "2020-03-11 13:14:46.260324"], ["updated_at", "2020-03-11 13:14:46.260324"]]
  [1m[35m (2.7ms)[0m  [1m[35mCOMMIT[0m
  [1m[36mClub Load (0.8ms)[0m  [1m[34mSELECT  "clubs".* FROM "clubs" WHERE "clubs"."id_club" = $1 AND "clubs"."name" = $2 AND "clubs"."abbreviation" = $3 AND "clubs"."position" = $4 AND "clubs"."fantasy_name" = $5 AND "clubs"."shield_30x30" = $6 AND "clubs"."shield_45x45" = $7 AND "clubs"."shield_60x60" = $8 LIMIT $9[0m  [["id_club", 267], ["name", "Vasco"], ["abbreviation", "VAS"], ["position", 15], ["fantasy_name", "Vasco"], ["shield_30x30", "https://s.glbimg.com/es/sde/f/equipes/2016/07/29/Vasco-30.png"], ["shield_45x45", "https://s.glbimg.com/es/sde/f/equipes/2016/07/29/Vasco-45.png"], ["shield_60x60", "https://s.glbimg.com/es/sde/f/equipes/2016/07/29/Vasco-65.png"], ["LIMIT", 1]]
  [1m[35m (0.3ms)[0m  [1m[35mBEGIN[0m
  [1m[36mClub Create (0.9ms)[0m  [1m[32mINSERT INTO "clubs" ("id_club", "name", "abbreviation", "position", "fantasy_name", "shield_30x30", "shield_45x45", "shield_60x60", "created_at", "updated_at") VALUES ($1, $2, $3, $4, $5, $6, $7, $8, $9, $10) RETURNING "id_club"[0m  [["id_club", 267], ["name", "Vasco"], ["abbreviation", "VAS"], ["position", 15], ["fantasy_name", "Vasco"], ["shield_30x30", "https://s.glbimg.com/es/sde/f/equipes/2016/07/29/Vasco-30.png"], ["shield_45x45", "https://s.glbimg.com/es/sde/f/equipes/2016/07/29/Vasco-45.png"], ["shield_60x60", "https://s.glbimg.com/es/sde/f/equipes/2016/07/29/Vasco-65.png"], ["created_at", "2020-03-11 13:14:46.269447"], ["updated_at", "2020-03-11 13:14:46.269447"]]
  [1m[35m (2.7ms)[0m  [1m[35mCOMMIT[0m
  [1m[36mClub Load (0.6ms)[0m  [1m[34mSELECT  "clubs".* FROM "clubs" WHERE "clubs"."id_club" = $1 AND "clubs"."name" = $2 AND "clubs"."abbreviation" = $3 AND "clubs"."position" = $4 AND "clubs"."fantasy_name" = $5 AND "clubs"."shield_30x30" = $6 AND "clubs"."shield_45x45" = $7 AND "clubs"."shield_60x60" = $8 LIMIT $9[0m  [["id_club", 275], ["name", "Palmeiras"], ["abbreviation", "PAL"], ["position", 1], ["fantasy_name", "Palmeiras"], ["shield_30x30", "https://s.glbimg.com/es/sde/f/equipes/2013/12/16/palmeiras_30x30.png"], ["shield_45x45", "https://s.glbimg.com/es/sde/f/equipes/2013/12/16/palmeiras_45x45.png"], ["shield_60x60", "https://s.glbimg.com/es/sde/f/equipes/2014/04/14/palmeiras_60x60.png"], ["LIMIT", 1]]
  [1m[35m (0.4ms)[0m  [1m[35mBEGIN[0m
  [1m[36mClub Create (0.8ms)[0m  [1m[32mINSERT INTO "clubs" ("id_club", "name", "abbreviation", "position", "fantasy_name", "shield_30x30", "shield_45x45", "shield_60x60", "created_at", "updated_at") VALUES ($1, $2, $3, $4, $5, $6, $7, $8, $9, $10) RETURNING "id_club"[0m  [["id_club", 275], ["name", "Palmeiras"], ["abbreviation", "PAL"], ["position", 1], ["fantasy_name", "Palmeiras"], ["shield_30x30", "https://s.glbimg.com/es/sde/f/equipes/2013/12/16/palmeiras_30x30.png"], ["shield_45x45", "https://s.glbimg.com/es/sde/f/equipes/2013/12/16/palmeiras_45x45.png"], ["shield_60x60", "https://s.glbimg.com/es/sde/f/equipes/2014/04/14/palmeiras_60x60.png"], ["created_at", "2020-03-11 13:14:46.280959"], ["updated_at", "2020-03-11 13:14:46.280959"]]
  [1m[35m (2.7ms)[0m  [1m[35mCOMMIT[0m
  [1m[36mClub Load (0.6ms)[0m  [1m[34mSELECT  "clubs".* FROM "clubs" WHERE "clubs"."id_club" = $1 AND "clubs"."name" = $2 AND "clubs"."abbreviation" = $3 AND "clubs"."position" = $4 AND "clubs"."fantasy_name" = $5 AND "clubs"."shield_30x30" = $6 AND "clubs"."shield_45x45" = $7 AND "clubs"."shield_60x60" = $8 LIMIT $9[0m  [["id_club", 276], ["name", "São Paulo"], ["abbreviation", "SAO"], ["position", 9], ["fantasy_name", "São Paulo"], ["shield_30x30", "https://s.glbimg.com/es/sde/f/equipes/2013/12/16/sao_paulo_30x30.png"], ["shield_45x45", "https://s.glbimg.com/es/sde/f/equipes/2013/12/16/sao_paulo_45x45.png"], ["shield_60x60", "https://s.glbimg.com/es/sde/f/equipes/2014/04/14/sao_paulo_60x60.png"], ["LIMIT", 1]]
  [1m[35m (0.4ms)[0m  [1m[35mBEGIN[0m
  [1m[36mClub Create (0.9ms)[0m  [1m[32mINSERT INTO "clubs" ("id_club", "name", "abbreviation", "position", "fantasy_name", "shield_30x30", "shield_45x45", "shield_60x60", "created_at", "updated_at") VALUES ($1, $2, $3, $4, $5, $6, $7, $8, $9, $10) RETURNING "id_club"[0m  [["id_club", 276], ["name", "São Paulo"], ["abbreviation", "SAO"], ["position", 9], ["fantasy_name", "São Paulo"], ["shield_30x30", "https://s.glbimg.com/es/sde/f/equipes/2013/12/16/sao_paulo_30x30.png"], ["shield_45x45", "https://s.glbimg.com/es/sde/f/equipes/2013/12/16/sao_paulo_45x45.png"], ["shield_60x60", "https://s.glbimg.com/es/sde/f/equipes/2014/04/14/sao_paulo_60x60.png"], ["created_at", "2020-03-11 13:14:46.292521"], ["updated_at", "2020-03-11 13:14:46.292521"]]
  [1m[35m (1.9ms)[0m  [1m[35mCOMMIT[0m
  [1m[36mClub Load (0.4ms)[0m  [1m[34mSELECT  "clubs".* FROM "clubs" WHERE "clubs"."id_club" = $1 AND "clubs"."name" = $2 AND "clubs"."abbreviation" = $3 AND "clubs"."position" = $4 AND "clubs"."fantasy_name" = $5 AND "clubs"."shield_30x30" = $6 AND "clubs"."shield_45x45" = $7 AND "clubs"."shield_60x60" = $8 LIMIT $9[0m  [["id_club", 277], ["name", "Santos"], ["abbreviation", "SAN"], ["position", 2], ["fantasy_name", "Santos"], ["shield_30x30", "https://s.glbimg.com/es/sde/f/equipes/2013/12/16/santos_30x30.png"], ["shield_45x45", "https://s.glbimg.com/es/sde/f/equipes/2013/12/16/santos_45x45.png"], ["shield_60x60", "https://s.glbimg.com/es/sde/f/equipes/2014/04/14/santos_60x60.png"], ["LIMIT", 1]]
  [1m[35m (0.2ms)[0m  [1m[35mBEGIN[0m
  [1m[36mClub Create (0.6ms)[0m  [1m[32mINSERT INTO "clubs" ("id_club", "name", "abbreviation", "position", "fantasy_name", "shield_30x30", "shield_45x45", "shield_60x60", "created_at", "updated_at") VALUES ($1, $2, $3, $4, $5, $6, $7, $8, $9, $10) RETURNING "id_club"[0m  [["id_club", 277], ["name", "Santos"], ["abbreviation", "SAN"], ["position", 2], ["fantasy_name", "Santos"], ["shield_30x30", "https://s.glbimg.com/es/sde/f/equipes/2013/12/16/santos_30x30.png"], ["shield_45x45", "https://s.glbimg.com/es/sde/f/equipes/2013/12/16/santos_45x45.png"], ["shield_60x60", "https://s.glbimg.com/es/sde/f/equipes/2014/04/14/santos_60x60.png"], ["created_at", "2020-03-11 13:14:46.300674"], ["updated_at", "2020-03-11 13:14:46.300674"]]
  [1m[35m (1.9ms)[0m  [1m[35mCOMMIT[0m
  [1m[36mClub Load (0.4ms)[0m  [1m[34mSELECT  "clubs".* FROM "clubs" WHERE "clubs"."id_club" = $1 AND "clubs"."name" = $2 AND "clubs"."abbreviation" = $3 AND "clubs"."position" = $4 AND "clubs"."fantasy_name" = $5 AND "clubs"."shield_30x30" = $6 AND "clubs"."shield_45x45" = $7 AND "clubs"."shield_60x60" = $8 LIMIT $9[0m  [["id_club", 282], ["name", "Atlético-MG"], ["abbreviation", "ATL"], ["position", 5], ["fantasy_name", "Atlético-MG"], ["shield_30x30", "https://s.glbimg.com/es/sde/f/equipes/2017/11/23/Atletico-Mineiro-escudo30px.png"], ["shield_45x45", "https://s.glbimg.com/es/sde/f/equipes/2017/11/23/Atletico-Mineiro-escudo45px.png"], ["shield_60x60", "https://s.glbimg.com/es/sde/f/equipes/2017/11/23/Atletico-Mineiro-escudo65px.png"], ["LIMIT", 1]]
  [1m[35m (0.2ms)[0m  [1m[35mBEGIN[0m
  [1m[36mClub Create (0.7ms)[0m  [1m[32mINSERT INTO "clubs" ("id_club", "name", "abbreviation", "position", "fantasy_name", "shield_30x30", "shield_45x45", "shield_60x60", "created_at", "updated_at") VALUES ($1, $2, $3, $4, $5, $6, $7, $8, $9, $10) RETURNING "id_club"[0m  [["id_club", 282], ["name", "Atlético-MG"], ["abbreviation", "ATL"], ["position", 5], ["fantasy_name", "Atlético-MG"], ["shield_30x30", "https://s.glbimg.com/es/sde/f/equipes/2017/11/23/Atletico-Mineiro-escudo30px.png"], ["shield_45x45", "https://s.glbimg.com/es/sde/f/equipes/2017/11/23/Atletico-Mineiro-escudo45px.png"], ["shield_60x60", "https://s.glbimg.com/es/sde/f/equipes/2017/11/23/Atletico-Mineiro-escudo65px.png"], ["created_at", "2020-03-11 13:14:46.307405"], ["updated_at", "2020-03-11 13:14:46.307405"]]
  [1m[35m (1.8ms)[0m  [1m[35mCOMMIT[0m
  [1m[36mClub Load (0.4ms)[0m  [1m[34mSELECT  "clubs".* FROM "clubs" WHERE "clubs"."id_club" = $1 AND "clubs"."name" = $2 AND "clubs"."abbreviation" = $3 AND "clubs"."position" = $4 AND "clubs"."fantasy_name" = $5 AND "clubs"."shield_30x30" = $6 AND "clubs"."shield_45x45" = $7 AND "clubs"."shield_60x60" = $8 LIMIT $9[0m  [["id_club", 283], ["name", "Cruzeiro"], ["abbreviation", "CRU"], ["position", 18], ["fantasy_name", "Cruzeiro"], ["shield_30x30", "https://s.glbimg.com/es/sde/f/equipes/2015/04/29/cruzeiro_30.png"], ["shield_45x45", "https://s.glbimg.com/es/sde/f/equipes/2015/04/29/cruzeiro_45.png"], ["shield_60x60", "https://s.glbimg.com/es/sde/f/equipes/2015/04/29/cruzeiro_65.png"], ["LIMIT", 1]]
  [1m[35m (0.3ms)[0m  [1m[35mBEGIN[0m
  [1m[36mClub Create (0.6ms)[0m  [1m[32mINSERT INTO "clubs" ("id_club", "name", "abbreviation", "position", "fantasy_name", "shield_30x30", "shield_45x45", "shield_60x60", "created_at", "updated_at") VALUES ($1, $2, $3, $4, $5, $6, $7, $8, $9, $10) RETURNING "id_club"[0m  [["id_club", 283], ["name", "Cruzeiro"], ["abbreviation", "CRU"], ["position", 18], ["fantasy_name", "Cruzeiro"], ["shield_30x30", "https://s.glbimg.com/es/sde/f/equipes/2015/04/29/cruzeiro_30.png"], ["shield_45x45", "https://s.glbimg.com/es/sde/f/equipes/2015/04/29/cruzeiro_45.png"], ["shield_60x60", "https://s.glbimg.com/es/sde/f/equipes/2015/04/29/cruzeiro_65.png"], ["created_at", "2020-03-11 13:14:46.314651"], ["updated_at", "2020-03-11 13:14:46.314651"]]
  [1m[35m (2.0ms)[0m  [1m[35mCOMMIT[0m
  [1m[36mClub Load (0.6ms)[0m  [1m[34mSELECT  "clubs".* FROM "clubs" WHERE "clubs"."id_club" = $1 AND "clubs"."name" = $2 AND "clubs"."abbreviation" = $3 AND "clubs"."position" = $4 AND "clubs"."fantasy_name" = $5 AND "clubs"."shield_30x30" = $6 AND "clubs"."shield_45x45" = $7 AND "clubs"."shield_60x60" = $8 LIMIT $9[0m  [["id_club", 284], ["name", "Grêmio"], ["abbreviation", "GRE"], ["position", 11], ["fantasy_name", "Grêmio"], ["shield_30x30", "https://s.glbimg.com/es/sde/f/equipes/2013/12/16/gremio_30x30.png"], ["shield_45x45", "https://s.glbimg.com/es/sde/f/equipes/2013/12/16/gremio_45x45.png"], ["shield_60x60", "https://s.glbimg.com/es/sde/f/equipes/2014/04/14/gremio_60x60.png"], ["LIMIT", 1]]
  [1m[35m (0.4ms)[0m  [1m[35mBEGIN[0m
  [1m[36mClub Create (0.9ms)[0m  [1m[32mINSERT INTO "clubs" ("id_club", "name", "abbreviation", "position", "fantasy_name", "shield_30x30", "shield_45x45", "shield_60x60", "created_at", "updated_at") VALUES ($1, $2, $3, $4, $5, $6, $7, $8, $9, $10) RETURNING "id_club"[0m  [["id_club", 284], ["name", "Grêmio"], ["abbreviation", "GRE"], ["position", 11], ["fantasy_name", "Grêmio"], ["shield_30x30", "https://s.glbimg.com/es/sde/f/equipes/2013/12/16/gremio_30x30.png"], ["shield_45x45", "https://s.glbimg.com/es/sde/f/equipes/2013/12/16/gremio_45x45.png"], ["shield_60x60", "https://s.glbimg.com/es/sde/f/equipes/2014/04/14/gremio_60x60.png"], ["created_at", "2020-03-11 13:14:46.323657"], ["updated_at", "2020-03-11 13:14:46.323657"]]
  [1m[35m (2.2ms)[0m  [1m[35mCOMMIT[0m
  [1m[36mClub Load (0.3ms)[0m  [1m[34mSELECT  "clubs".* FROM "clubs" WHERE "clubs"."id_club" = $1 AND "clubs"."name" = $2 AND "clubs"."abbreviation" = $3 AND "clubs"."position" = $4 AND "clubs"."fantasy_name" = $5 AND "clubs"."shield_30x30" = $6 AND "clubs"."shield_45x45" = $7 AND "clubs"."shield_60x60" = $8 LIMIT $9[0m  [["id_club", 285], ["name", "Internacional"], ["abbreviation", "INT"], ["position", 4], ["fantasy_name", "Internacional"], ["shield_30x30", "https://s.glbimg.com/es/sde/f/equipes/2016/05/03/inter30.png"], ["shield_45x45", "https://s.glbimg.com/es/sde/f/equipes/2016/05/03/inter45.png"], ["shield_60x60", "https://s.glbimg.com/es/sde/f/equipes/2016/05/03/inter65.png"], ["LIMIT", 1]]
  [1m[35m (0.2ms)[0m  [1m[35mBEGIN[0m
  [1m[36mClub Create (0.5ms)[0m  [1m[32mINSERT INTO "clubs" ("id_club", "name", "abbreviation", "position", "fantasy_name", "shield_30x30", "shield_45x45", "shield_60x60", "created_at", "updated_at") VALUES ($1, $2, $3, $4, $5, $6, $7, $8, $9, $10) RETURNING "id_club"[0m  [["id_club", 285], ["name", "Internacional"], ["abbreviation", "INT"], ["position", 4], ["fantasy_name", "Internacional"], ["shield_30x30", "https://s.glbimg.com/es/sde/f/equipes/2016/05/03/inter30.png"], ["shield_45x45", "https://s.glbimg.com/es/sde/f/equipes/2016/05/03/inter45.png"], ["shield_60x60", "https://s.glbimg.com/es/sde/f/equipes/2016/05/03/inter65.png"], ["created_at", "2020-03-11 13:14:46.332878"], ["updated_at", "2020-03-11 13:14:46.332878"]]
  [1m[35m (5.1ms)[0m  [1m[35mCOMMIT[0m
  [1m[36mClub Load (0.3ms)[0m  [1m[34mSELECT  "clubs".* FROM "clubs" WHERE "clubs"."id_club" = $1 AND "clubs"."name" = $2 AND "clubs"."abbreviation" = $3 AND "clubs"."position" = $4 AND "clubs"."fantasy_name" = $5 AND "clubs"."shield_30x30" = $6 AND "clubs"."shield_45x45" = $7 AND "clubs"."shield_60x60" = $8 LIMIT $9[0m  [["id_club", 290], ["name", "Goiás"], ["abbreviation", "GOI"], ["position", 6], ["fantasy_name", "Goiás"], ["shield_30x30", "https://s.glbimg.com/es/sde/f/organizacoes/2019/05/01/Goias_30px.png"], ["shield_45x45", "https://s.glbimg.com/es/sde/f/organizacoes/2019/05/01/Goias_45px.png"], ["shield_60x60", "https://s.glbimg.com/es/sde/f/organizacoes/2019/05/01/Goias_65px.png"], ["LIMIT", 1]]
  [1m[35m (0.2ms)[0m  [1m[35mBEGIN[0m
  [1m[36mClub Create (0.5ms)[0m  [1m[32mINSERT INTO "clubs" ("id_club", "name", "abbreviation", "position", "fantasy_name", "shield_30x30", "shield_45x45", "shield_60x60", "created_at", "updated_at") VALUES ($1, $2, $3, $4, $5, $6, $7, $8, $9, $10) RETURNING "id_club"[0m  [["id_club", 290], ["name", "Goiás"], ["abbreviation", "GOI"], ["position", 6], ["fantasy_name", "Goiás"], ["shield_30x30", "https://s.glbimg.com/es/sde/f/organizacoes/2019/05/01/Goias_30px.png"], ["shield_45x45", "https://s.glbimg.com/es/sde/f/organizacoes/2019/05/01/Goias_45px.png"], ["shield_60x60", "https://s.glbimg.com/es/sde/f/organizacoes/2019/05/01/Goias_65px.png"], ["created_at", "2020-03-11 13:14:46.342601"], ["updated_at", "2020-03-11 13:14:46.342601"]]
  [1m[35m (2.6ms)[0m  [1m[35mCOMMIT[0m
  [1m[36mClub Load (0.3ms)[0m  [1m[34mSELECT  "clubs".* FROM "clubs" WHERE "clubs"."id_club" = $1 AND "clubs"."name" = $2 AND "clubs"."abbreviation" = $3 AND "clubs"."position" = $4 AND "clubs"."fantasy_name" = $5 AND "clubs"."shield_30x30" = $6 AND "clubs"."shield_45x45" = $7 AND "clubs"."shield_60x60" = $8 LIMIT $9[0m  [["id_club", 293], ["name", "Athlético-PR"], ["abbreviation", "ATL"], ["position", 12], ["fantasy_name", "Athlético-PR"], ["shield_30x30", "https://s.glbimg.com/es/sde/f/organizacoes/2018/12/13/escudo30.png"], ["shield_45x45", "https://s.glbimg.com/es/sde/f/organizacoes/2018/12/13/escudo45.png"], ["shield_60x60", "https://s.glbimg.com/es/sde/f/organizacoes/2018/12/13/escudo65.png"], ["LIMIT", 1]]
  [1m[35m (0.1ms)[0m  [1m[35mBEGIN[0m
  [1m[36mClub Create (0.4ms)[0m  [1m[32mINSERT INTO "clubs" ("id_club", "name", "abbreviation", "position", "fantasy_name", "shield_30x30", "shield_45x45", "shield_60x60", "created_at", "updated_at") VALUES ($1, $2, $3, $4, $5, $6, $7, $8, $9, $10) RETURNING "id_club"[0m  [["id_club", 293], ["name", "Athlético-PR"], ["abbreviation", "ATL"], ["position", 12], ["fantasy_name", "Athlético-PR"], ["shield_30x30", "https://s.glbimg.com/es/sde/f/organizacoes/2018/12/13/escudo30.png"], ["shield_45x45", "https://s.glbimg.com/es/sde/f/organizacoes/2018/12/13/escudo45.png"], ["shield_60x60", "https://s.glbimg.com/es/sde/f/organizacoes/2018/12/13/escudo65.png"], ["created_at", "2020-03-11 13:14:46.348501"], ["updated_at", "2020-03-11 13:14:46.348501"]]
  [1m[35m (2.4ms)[0m  [1m[35mCOMMIT[0m
  [1m[36mClub Load (0.2ms)[0m  [1m[34mSELECT  "clubs".* FROM "clubs" WHERE "clubs"."id_club" = $1 AND "clubs"."name" = $2 AND "clubs"."abbreviation" = $3 AND "clubs"."position" = $4 AND "clubs"."fantasy_name" = $5 AND "clubs"."shield_30x30" = $6 AND "clubs"."shield_45x45" = $7 AND "clubs"."shield_60x60" = $8 LIMIT $9[0m  [["id_club", 314], ["name", "Avaí"], ["abbreviation", "AVA"], ["position", 20], ["fantasy_name", "Avaí"], ["shield_30x30", "https://s.glbimg.com/es/sde/f/organizacoes/2018/09/04/escudo-avai-30x30.png"], ["shield_45x45", "https://s.glbimg.com/es/sde/f/organizacoes/2018/09/04/escudo-avai-45x45.png"], ["shield_60x60", "https://s.glbimg.com/es/sde/f/organizacoes/2018/09/04/escudo-avai-65x65.png"], ["LIMIT", 1]]
  [1m[35m (0.2ms)[0m  [1m[35mBEGIN[0m
  [1m[36mClub Create (0.3ms)[0m  [1m[32mINSERT INTO "clubs" ("id_club", "name", "abbreviation", "position", "fantasy_name", "shield_30x30", "shield_45x45", "shield_60x60", "created_at", "updated_at") VALUES ($1, $2, $3, $4, $5, $6, $7, $8, $9, $10) RETURNING "id_club"[0m  [["id_club", 314], ["name", "Avaí"], ["abbreviation", "AVA"], ["position", 20], ["fantasy_name", "Avaí"], ["shield_30x30", "https://s.glbimg.com/es/sde/f/organizacoes/2018/09/04/escudo-avai-30x30.png"], ["shield_45x45", "https://s.glbimg.com/es/sde/f/organizacoes/2018/09/04/escudo-avai-45x45.png"], ["shield_60x60", "https://s.glbimg.com/es/sde/f/organizacoes/2018/09/04/escudo-avai-65x65.png"], ["created_at", "2020-03-11 13:14:46.353727"], ["updated_at", "2020-03-11 13:14:46.353727"]]
  [1m[35m (2.5ms)[0m  [1m[35mCOMMIT[0m
  [1m[36mClub Load (0.5ms)[0m  [1m[34mSELECT  "clubs".* FROM "clubs" WHERE "clubs"."id_club" = $1 AND "clubs"."name" = $2 AND "clubs"."abbreviation" = $3 AND "clubs"."position" = $4 AND "clubs"."fantasy_name" = $5 AND "clubs"."shield_30x30" = $6 AND "clubs"."shield_45x45" = $7 AND "clubs"."shield_60x60" = $8 LIMIT $9[0m  [["id_club", 315], ["name", "Chapecoense"], ["abbreviation", "CHA"], ["position", 17], ["fantasy_name", "Chapecoense"], ["shield_30x30", "https://s.glbimg.com/es/sde/f/equipes/2015/08/03/Escudo-Chape-130.png"], ["shield_45x45", "https://s.glbimg.com/es/sde/f/equipes/2015/08/03/Escudo-Chape-145.png"], ["shield_60x60", "https://s.glbimg.com/es/sde/f/equipes/2015/08/03/Escudo-Chape-165.png"], ["LIMIT", 1]]
  [1m[35m (0.2ms)[0m  [1m[35mBEGIN[0m
  [1m[36mClub Create (0.4ms)[0m  [1m[32mINSERT INTO "clubs" ("id_club", "name", "abbreviation", "position", "fantasy_name", "shield_30x30", "shield_45x45", "shield_60x60", "created_at", "updated_at") VALUES ($1, $2, $3, $4, $5, $6, $7, $8, $9, $10) RETURNING "id_club"[0m  [["id_club", 315], ["name", "Chapecoense"], ["abbreviation", "CHA"], ["position", 17], ["fantasy_name", "Chapecoense"], ["shield_30x30", "https://s.glbimg.com/es/sde/f/equipes/2015/08/03/Escudo-Chape-130.png"], ["shield_45x45", "https://s.glbimg.com/es/sde/f/equipes/2015/08/03/Escudo-Chape-145.png"], ["shield_60x60", "https://s.glbimg.com/es/sde/f/equipes/2015/08/03/Escudo-Chape-165.png"], ["created_at", "2020-03-11 13:14:46.359768"], ["updated_at", "2020-03-11 13:14:46.359768"]]
  [1m[35m (2.4ms)[0m  [1m[35mCOMMIT[0m
  [1m[36mClub Load (0.2ms)[0m  [1m[34mSELECT  "clubs".* FROM "clubs" WHERE "clubs"."id_club" = $1 AND "clubs"."name" = $2 AND "clubs"."abbreviation" = $3 AND "clubs"."position" = $4 AND "clubs"."fantasy_name" = $5 AND "clubs"."shield_30x30" = $6 AND "clubs"."shield_45x45" = $7 AND "clubs"."shield_60x60" = $8 LIMIT $9[0m  [["id_club", 341], ["name", "CSA"], ["abbreviation", "CSA"], ["position", 19], ["fantasy_name", "CSA"], ["shield_30x30", "https://s.glbimg.com/es/sde/f/equipes/2013/09/18/CSA_30.png"], ["shield_45x45", "https://s.glbimg.com/es/sde/f/equipes/2013/09/18/CSA_45.png"], ["shield_60x60", "https://s.glbimg.com/es/sde/f/equipes/2013/09/18/CSA_65.png"], ["LIMIT", 1]]
  [1m[35m (0.2ms)[0m  [1m[35mBEGIN[0m
  [1m[36mClub Create (0.3ms)[0m  [1m[32mINSERT INTO "clubs" ("id_club", "name", "abbreviation", "position", "fantasy_name", "shield_30x30", "shield_45x45", "shield_60x60", "created_at", "updated_at") VALUES ($1, $2, $3, $4, $5, $6, $7, $8, $9, $10) RETURNING "id_club"[0m  [["id_club", 341], ["name", "CSA"], ["abbreviation", "CSA"], ["position", 19], ["fantasy_name", "CSA"], ["shield_30x30", "https://s.glbimg.com/es/sde/f/equipes/2013/09/18/CSA_30.png"], ["shield_45x45", "https://s.glbimg.com/es/sde/f/equipes/2013/09/18/CSA_45.png"], ["shield_60x60", "https://s.glbimg.com/es/sde/f/equipes/2013/09/18/CSA_65.png"], ["created_at", "2020-03-11 13:14:46.364893"], ["updated_at", "2020-03-11 13:14:46.364893"]]
  [1m[35m (2.4ms)[0m  [1m[35mCOMMIT[0m
  [1m[36mClub Load (0.2ms)[0m  [1m[34mSELECT  "clubs".* FROM "clubs" WHERE "clubs"."id_club" = $1 AND "clubs"."name" = $2 AND "clubs"."abbreviation" = $3 AND "clubs"."position" = $4 AND "clubs"."fantasy_name" = $5 AND "clubs"."shield_30x30" = $6 AND "clubs"."shield_45x45" = $7 AND "clubs"."shield_60x60" = $8 LIMIT $9[0m  [["id_club", 354], ["name", "Ceará"], ["abbreviation", "CEA"], ["position", 13], ["fantasy_name", "Ceará"], ["shield_30x30", "https://s.glbimg.com/es/sde/f/equipes/2018/05/11/ceara-30x30.png"], ["shield_45x45", "https://s.glbimg.com/es/sde/f/equipes/2018/05/11/ceara-45x45.png"], ["shield_60x60", "https://s.glbimg.com/es/sde/f/equipes/2018/05/11/ceara-65x65.png"], ["LIMIT", 1]]
  [1m[35m (0.1ms)[0m  [1m[35mBEGIN[0m
  [1m[36mClub Create (0.3ms)[0m  [1m[32mINSERT INTO "clubs" ("id_club", "name", "abbreviation", "position", "fantasy_name", "shield_30x30", "shield_45x45", "shield_60x60", "created_at", "updated_at") VALUES ($1, $2, $3, $4, $5, $6, $7, $8, $9, $10) RETURNING "id_club"[0m  [["id_club", 354], ["name", "Ceará"], ["abbreviation", "CEA"], ["position", 13], ["fantasy_name", "Ceará"], ["shield_30x30", "https://s.glbimg.com/es/sde/f/equipes/2018/05/11/ceara-30x30.png"], ["shield_45x45", "https://s.glbimg.com/es/sde/f/equipes/2018/05/11/ceara-45x45.png"], ["shield_60x60", "https://s.glbimg.com/es/sde/f/equipes/2018/05/11/ceara-65x65.png"], ["created_at", "2020-03-11 13:14:46.369915"], ["updated_at", "2020-03-11 13:14:46.369915"]]
  [1m[35m (2.3ms)[0m  [1m[35mCOMMIT[0m
  [1m[36mClub Load (0.2ms)[0m  [1m[34mSELECT  "clubs".* FROM "clubs" WHERE "clubs"."id_club" = $1 AND "clubs"."name" = $2 AND "clubs"."abbreviation" = $3 AND "clubs"."position" = $4 AND "clubs"."fantasy_name" = $5 AND "clubs"."shield_30x30" = $6 AND "clubs"."shield_45x45" = $7 AND "clubs"."shield_60x60" = $8 LIMIT $9[0m  [["id_club", 356], ["name", "Fortaleza"], ["abbreviation", "FOR"], ["position", 14], ["fantasy_name", "Fortaleza"], ["shield_30x30", "https://s.glbimg.com/es/sde/f/organizacoes/2018/06/10/fortaleza-ec-30px.png"], ["shield_45x45", "https://s.glbimg.com/es/sde/f/organizacoes/2018/06/10/fortaleza-ec-45px.png"], ["shield_60x60", "https://s.glbimg.com/es/sde/f/organizacoes/2018/06/10/fortaleza-ec-65px.png"], ["LIMIT", 1]]
  [1m[35m (0.2ms)[0m  [1m[35mBEGIN[0m
  [1m[36mClub Create (0.6ms)[0m  [1m[32mINSERT INTO "clubs" ("id_club", "name", "abbreviation", "position", "fantasy_name", "shield_30x30", "shield_45x45", "shield_60x60", "created_at", "updated_at") VALUES ($1, $2, $3, $4, $5, $6, $7, $8, $9, $10) RETURNING "id_club"[0m  [["id_club", 356], ["name", "Fortaleza"], ["abbreviation", "FOR"], ["position", 14], ["fantasy_name", "Fortaleza"], ["shield_30x30", "https://s.glbimg.com/es/sde/f/organizacoes/2018/06/10/fortaleza-ec-30px.png"], ["shield_45x45", "https://s.glbimg.com/es/sde/f/organizacoes/2018/06/10/fortaleza-ec-45px.png"], ["shield_60x60", "https://s.glbimg.com/es/sde/f/organizacoes/2018/06/10/fortaleza-ec-65px.png"], ["created_at", "2020-03-11 13:14:46.375448"], ["updated_at", "2020-03-11 13:14:46.375448"]]
  [1m[35m (2.5ms)[0m  [1m[35mCOMMIT[0m
  [1m[35m (2.2ms)[0m  [1m[34mSELECT COUNT(*) FROM "clubs"[0m
  [1m[35m (1.0ms)[0m  [1m[34mSELECT "clubs"."name" FROM "clubs"[0m
  [1m[35m (0.9ms)[0m  [1m[34mSELECT "clubs"."name" FROM "clubs"[0m
  [1m[35m (1.0ms)[0m  [1m[34mSELECT "clubs"."name" FROM "clubs"[0m
  [1m[35m (1.1ms)[0m  [1m[34mSELECT "clubs"."name" FROM "clubs"[0m
  [1m[35m (1.2ms)[0m  [1m[34mSELECT "clubs"."name" FROM "clubs"[0m
  [1m[35m (1.0ms)[0m  [1m[34mSELECT "clubs"."name" FROM "clubs"[0m
  [1m[35m (1.8ms)[0m  [1m[34mSELECT "clubs"."name" FROM "clubs" ORDER BY "clubs"."position" ASC[0m
  [1m[35m (1.1ms)[0m  [1m[34mSELECT "clubs"."name" FROM "clubs" ORDER BY "clubs"."position" DESC[0m
  [1m[36mClub Load (0.7ms)[0m  [1m[34mSELECT  "clubs".* FROM "clubs" WHERE "clubs"."name" = $1 LIMIT $2[0m  [["name", "Flamengo"], ["LIMIT", 1]]
  [1m[36mClub Load (0.9ms)[0m  [1m[34mSELECT  "clubs".* FROM "clubs" WHERE "clubs"."name" = $1 LIMIT $2[0m  [["name", "Palmeiras"], ["LIMIT", 1]]
  [1m[36mClub Load (0.7ms)[0m  [1m[34mSELECT  "clubs".* FROM "clubs" LIMIT $1[0m  [["LIMIT", 11]]
  [1m[35m (0.9ms)[0m  [1m[34mSELECT "clubs"."name" FROM "clubs" ORDER BY "clubs"."position" ASC[0m
  [1m[36mClub Load (0.6ms)[0m  [1m[34mSELECT  "clubs".* FROM "clubs" ORDER BY "clubs"."id_club" DESC LIMIT $1[0m  [["LIMIT", 1]]
